<?xml version="1.0" encoding="UTF-8"?>
<testsuite name="Scenario: Verify user is able to successfully search for hotels with desired information provided" time="4.418" tests="12" errors="0" skipped="0" failures="0">
  <properties>
[...]
</properties>
  <testcase name="Given I am on home page of Hotels" classname="Scenario: Verify user is able to successfully search for hotels with desired information provided" time="0.165"/>
  <testcase name="When I click on Destination field on home screen" classname="Scenario: Verify user is able to successfully search for hotels with desired information provided" time="0"/>
  <testcase name="And I select 2 Adults and 1 Children of age 5" classname="Scenario: Verify user is able to successfully search for hotels with desired information provided" time="0.001"/>
  <testcase name="And I click on CheckIn field on home screen" classname="Scenario: Verify user is able to successfully search for hotels with desired information provided" time="0.001"/>
  <testcase name="And I select tomorrow from calendar" classname="Scenario: Verify user is able to successfully search for hotels with desired information provided" time="0"/>
  <testcase name="And I click on CheckOut field on home screen" classname="Scenario: Verify user is able to successfully search for hotels with desired information provided" time="0.001"/>
  <testcase name="And I select 6 days forward from calendar" classname="Scenario: Verify user is able to successfully search for hotels with desired information provided" time="0.003"/>
  <testcase name="And I enter orlando into Destination field on home screen" classname="Scenario: Verify user is able to successfully search for hotels with desired information provided" time="0.001"/>
  <testcase name="And I select Orlando, Florida, United States of America from auto suggestion list" classname="Scenario: Verify user is able to successfully search for hotels with desired information provided" time="0"/>
  <testcase name="And I click on Search field on home screen" classname="Scenario: Verify user is able to successfully search for hotels with desired information provided" time="0.003"/>
  <testcase name="Then I verify all my information are correct" classname="Scenario: Verify user is able to successfully search for hotels with desired information provided" time="0.001"/>
  <testcase name="Scenario: Verify user is able to successfully search for hotels with desired information provided" classname="Scenario: Verify user is able to successfully search for hotels with desired information provided" time="4.242"/>
</testsuite>